1532956111567	geckodriver	INFO	geckodriver 0.21.0
1532956111588	geckodriver	INFO	Listening on 127.0.0.1:9912
1532956117545	mozrunner::runner	INFO	Running command: "C:\\Program Files\\Mozilla Firefox\\firefox.exe" "-marionette" "-foreground" "-no-remote" "-profile" "C:\\Users\\Master\\AppData\\Local\\Temp\\rust_mozprofile.NyVPtaAjNp8b"
Unable to read VR Path Registry from C:\Users\Master\AppData\Local\openvr\openvrpaths.vrpath
Unable to read VR Path Registry from C:\Users\Master\AppData\Local\openvr\openvrpaths.vrpath
Unable to read VR Path Registry from C:\Users\Master\AppData\Local\openvr\openvrpaths.vrpath
Unable to read VR Path Registry from C:\Users\Master\AppData\Local\openvr\openvrpaths.vrpath
Unable to read VR Path Registry from C:\Users\Master\AppData\Local\openvr\openvrpaths.vrpath
1532956151420	Marionette	INFO	Listening on port 9955
1532956152636	Marionette	WARN	TLS certificate errors will be ignored for this session
1532956265190	geckodriver	INFO	geckodriver 0.21.0
1532956265210	geckodriver	INFO	Listening on 127.0.0.1:10455
1532956271228	mozrunner::runner	INFO	Running command: "C:\\Program Files\\Mozilla Firefox\\firefox.exe" "-marionette" "-foreground" "-no-remote" "-profile" "C:\\Users\\Master\\AppData\\Local\\Temp\\rust_mozprofile.ZZHQPLmkieYe"
Unable to read VR Path Registry from C:\Users\Master\AppData\Local\openvr\openvrpaths.vrpath
Unable to read VR Path Registry from C:\Users\Master\AppData\Local\openvr\openvrpaths.vrpath
Unable to read VR Path Registry from C:\Users\Master\AppData\Local\openvr\openvrpaths.vrpath
Unable to read VR Path Registry from C:\Users\Master\AppData\Local\openvr\openvrpaths.vrpath
Unable to read VR Path Registry from C:\Users\Master\AppData\Local\openvr\openvrpaths.vrpath
1532956281649	Marionette	INFO	Listening on port 10482
1532956282230	Marionette	WARN	TLS certificate errors will be ignored for this session
[Parent 11916, Gecko_IOThread] WARNING: pipe error: 109: file z:/build/build/src/ipc/chromium/src/chrome/common/ipc_channel_win.cc, line 346
[Child 13360, Chrome_ChildThread] WARNING: pipe error: 109: file z:/build/build/src/ipc/chromium/src/chrome/common/ipc_channel_win.cc, line 346
[Child 13360, Chrome_Ch[Parent 11916, Gecko_IOThread] WARNING: pipe error: 109: file z:/build/build/src/ipc/chromium/src/chrome/common/ipc_channel_win.cc, line 346
[GPU 8580, Chrome_ChildTh
###!!! [Child][MessageChannel::SendAndWait] Error: Channel error: cannot send/recv

nMessage] Error: Channel closing: too late to send/recv, messages will be lost


###!!! [Child][RunMessage] Error: Channel closing: too late to send/recv, messages will be lost


###!!! [Child][RunMessage] Error: Channel closing: too late to send/recv, messages will be lost


###!!! [Child][RunMessage] Error: Channel closing: too late to send/recv, messages will be lost


###!!! [Child][RunMessage] Error: Channel closing: too late to send/recv, messages will be lost


###!!! [Child][RunMessage] Error: Channel closing: too late to send/recv, messages will be lost


###!!! [Child][RunMessage] Error: Channel closing: too late to send/recv, messages will be lost


###!!! [Child][RunMessage] Error: Channel closing: too late to send/recv, messages will be lost


###!!! [Child][RunMessage] Error: Channel closing: too late to send/recv, messages will be lost


###!!! [Child][RunMessage] Error: Channel closing: too late to send/recv, messages will be lost


###!!! [Child][RunMessage] Error: Channel closing: too late to send/recv, messages will be lost


###!!! [Child][RunMessage] Error: Channel closing: too late to send/recv, messages will be lost


###!!! [Child][RunMessage] Error: Channel closing: too late to send/recv, messages will be lost


###!!! [Child][RunMessage] Error: Channel closing: too late to send/recv, messages will be lost


###!!! [Child][RunMessage] Error: Channel closing: too late to send/recv, messages will be lost


###!!! [Child][RunMessage] Error: Channel closing: too late to send/recv, messages will be lost


###!!! [Child][RunMessage] Error: Channel closing: too late to send/recv, messages will be lost

[Parent 13828, Gecko_IOThread] WARNING: pipe error: 109: file z:/build/build/src/ipc/chromium/src/chrome/common/ipc_channel_win.cc, line 346
[Child 10140, Chrome_ChildThread] WARNING: pipe error: 109: file z:/build/build/src/ipc/chromium/src/chrome/common/ipc_channel_win.cc, line 346
[Child 10140, Ch[GPU 13872, Chrome_ChildThread] WARNING: pip
###!!! [Child][MessageChannel::SendAndWait] Error: Channel error: cannot send/recv

1532956899894	geckodriver	INFO	geckodriver 0.21.0
1532956899923	geckodriver	INFO	Listening on 127.0.0.1:11406
1532956905972	mozrunner::runner	INFO	Running command: "C:\\Program Files\\Mozilla Firefox\\firefox.exe" "-marionette" "-foreground" "-no-remote" "-profile" "C:\\Users\\Master\\AppData\\Local\\Temp\\rust_mozprofile.HtyqnRWnMzxC"
Unable to read VR Path Registry from C:\Users\Master\AppData\Local\openvr\openvrpaths.vrpath
Unable to read VR Path Registry from C:\Users\Master\AppData\Local\openvr\openvrpaths.vrpath
Unable to read VR Path Registry from C:\Users\Master\AppData\Local\openvr\openvrpaths.vrpath
Unable to read VR Path Registry from C:\Users\Master\AppData\Local\openvr\openvrpaths.vrpath
Unable to read VR Path Registry from C:\Users\Master\AppData\Local\openvr\openvrpaths.vrpath
1532956911357	Marionette	INFO	Listening on port 11422
1532956911433	Marionette	WARN	TLS certificate errors will be ignored for this session
[Child 968, Chrome_ChildThread] WARNING: pipe error: 109: file z:/build/build/src/ipc/chromium/src/chrome/common/ipc_channel_win.cc, line 346
[Child 968, Chrome_ChildThread] WARNING: pipe error: 109: file z:/build/build/src/ipc/chromium/src/chrome/common/ipc_channel_win.cc, line 346
[Parent 13360, Gecko_IOThread] WARNING: pipe error: 109: file z:/build/build/src/ipc/chromium/src/chrome/common/ipc_channel_win.cc, line 346
[Parent 13360, Gecko_IOThread] WARNING: pipe error: 109: file z:/build/build/src/ipc/chromium/src/chrome/common/ipc_channel_win.cc, line 346
[GPU 1656, Chrome_ChildThr
###!!! [Child][MessageChannel::SendAndWait] Error: Channel error: cannot send/recv

1532957560937	geckodriver	INFO	geckodriver 0.21.0
1532957560959	geckodriver	INFO	Listening on 127.0.0.1:12421
1532957566975	mozrunner::runner	INFO	Running command: "C:\\Program Files\\Mozilla Firefox\\firefox.exe" "-marionette" "-foreground" "-no-remote" "-profile" "C:\\Users\\Master\\AppData\\Local\\Temp\\rust_mozprofile.eaVlAcRP7n2m"
Unable to read VR Path Registry from C:\Users\Master\AppData\Local\openvr\openvrpaths.vrpath
Unable to read VR Path Registry from C:\Users\Master\AppData\Local\openvr\openvrpaths.vrpath
Unable to read VR Path Registry from C:\Users\Master\AppData\Local\openvr\openvrpaths.vrpath
Unable to read VR Path Registry from C:\Users\Master\AppData\Local\openvr\openvrpaths.vrpath
Unable to read VR Path Registry from C:\Users\Master\AppData\Local\openvr\openvrpaths.vrpath
1532957572549	Marionette	INFO	Listening on port 12437
1532957573059	Marionette	WARN	TLS certificate errors will be ignored for this session
[Parent 4300, Gecko_IOThread] WARNING: pipe error: 109: file z:/build/build/src/ipc/chromium/src/chrome/common/ipc_channel_win.cc, line 346
1532957624828	addons.productaddons	WARN	Failed downloading via XHR, status: 0, reason: error
*** UTM:SVC TimerManager:registerTimer called after profile-before-change notification. Ignoring timer registration for id: telemetry_modules_ping
[GPU 11004, Chrome_ChildThr
###!!! [Child][MessageChannel::SendAndWait] Error: Channel error: cannot send/recv

